[1121/141712.347:ERROR:process_reader_win.cc(123)] NtOpenThread: {액세스 거부} 프로세스가 개체에 액세스를 요구했지만 액세스 권한이 없습니다. (0xc0000022)
[1121/141712.348:ERROR:exception_snapshot_win.cc(99)] thread ID 1060 not found in process
[1121/141712.387:ERROR:process_reader_win.cc(123)] NtOpenThread: {액세스 거부} 프로세스가 개체에 액세스를 요구했지만 액세스 권한이 없습니다. (0xc0000022)
[1121/141712.387:ERROR:exception_snapshot_win.cc(99)] thread ID 13912 not found in process
[1121/141712.387:ERROR:scoped_process_suspend.cc(40)] NtResumeProcess: 기존 프로세스에 액세스하려고 했습니다. (0xc000010a)
[1121/175929.513:ERROR:process_reader_win.cc(123)] NtOpenThread: {액세스 거부} 프로세스가 개체에 액세스를 요구했지만 액세스 권한이 없습니다. (0xc0000022)
[1121/175929.514:ERROR:exception_snapshot_win.cc(99)] thread ID 16692 not found in process
[1121/175929.541:ERROR:process_reader_win.cc(123)] NtOpenThread: {액세스 거부} 프로세스가 개체에 액세스를 요구했지만 액세스 권한이 없습니다. (0xc0000022)
[1121/175929.541:ERROR:exception_snapshot_win.cc(99)] thread ID 5776 not found in process
[1121/183233.511:ERROR:process_reader_win.cc(123)] NtOpenThread: {액세스 거부} 프로세스가 개체에 액세스를 요구했지만 액세스 권한이 없습니다. (0xc0000022)
[1121/183233.513:ERROR:exception_snapshot_win.cc(99)] thread ID 8700 not found in process
[1121/183233.542:ERROR:process_reader_win.cc(123)] NtOpenThread: {액세스 거부} 프로세스가 개체에 액세스를 요구했지만 액세스 권한이 없습니다. (0xc0000022)
[1121/183233.542:ERROR:exception_snapshot_win.cc(99)] thread ID 16040 not found in process
[1121/184712.670:ERROR:process_reader_win.cc(123)] NtOpenThread: {액세스 거부} 프로세스가 개체에 액세스를 요구했지만 액세스 권한이 없습니다. (0xc0000022)
[1121/184712.671:ERROR:exception_snapshot_win.cc(99)] thread ID 15588 not found in process
[1121/184712.684:ERROR:process_reader_win.cc(123)] NtOpenThread: {액세스 거부} 프로세스가 개체에 액세스를 요구했지만 액세스 권한이 없습니다. (0xc0000022)
[1121/184712.684:ERROR:exception_snapshot_win.cc(99)] thread ID 14260 not found in process
[1121/184712.714:ERROR:process_reader_win.cc(123)] NtOpenThread: {액세스 거부} 프로세스가 개체에 액세스를 요구했지만 액세스 권한이 없습니다. (0xc0000022)
[1121/184712.714:ERROR:exception_snapshot_win.cc(99)] thread ID 3128 not found in process
[1121/184712.714:ERROR:scoped_process_suspend.cc(40)] NtResumeProcess: 기존 프로세스에 액세스하려고 했습니다. (0xc000010a)
[1121/184925.098:ERROR:process_reader_win.cc(151)] SuspendThread: 액세스가 거부되었습니다. (0x5)
[1121/184925.099:ERROR:process_reader_win.cc(123)] NtOpenThread: {액세스 거부} 프로세스가 개체에 액세스를 요구했지만 액세스 권한이 없습니다. (0xc0000022)
[1121/184925.100:ERROR:exception_snapshot_win.cc(99)] thread ID 10944 not found in process
[1121/184925.109:ERROR:process_reader_win.cc(151)] SuspendThread: 액세스가 거부되었습니다. (0x5)
[1121/184925.109:ERROR:process_reader_win.cc(151)] SuspendThread: 액세스가 거부되었습니다. (0x5)
[1121/184925.109:ERROR:process_reader_win.cc(123)] NtOpenThread: {액세스 거부} 프로세스가 개체에 액세스를 요구했지만 액세스 권한이 없습니다. (0xc0000022)
[1121/184925.109:ERROR:exception_snapshot_win.cc(99)] thread ID 8984 not found in process
[1121/184925.132:ERROR:process_reader_win.cc(123)] NtOpenThread: {액세스 거부} 프로세스가 개체에 액세스를 요구했지만 액세스 권한이 없습니다. (0xc0000022)
[1121/184925.132:ERROR:exception_snapshot_win.cc(99)] thread ID 14464 not found in process
[1121/192349.872:ERROR:directory_reader_win.cc(43)] FindFirstFile: 지정된 경로를 찾을 수 없습니다. (0x3)
[1121/192549.825:ERROR:directory_reader_win.cc(43)] FindFirstFile: 지정된 경로를 찾을 수 없습니다. (0x3)
[1122/225010.951:ERROR:process_reader_win.cc(123)] NtOpenThread: {액세스 거부} 프로세스가 개체에 액세스를 요구했지만 액세스 권한이 없습니다. (0xc0000022)
[1122/225010.953:ERROR:exception_snapshot_win.cc(99)] thread ID 16732 not found in process
[1122/225011.018:ERROR:process_reader_win.cc(123)] NtOpenThread: {액세스 거부} 프로세스가 개체에 액세스를 요구했지만 액세스 권한이 없습니다. (0xc0000022)
[1122/225011.019:ERROR:exception_snapshot_win.cc(99)] thread ID 20364 not found in process
[1122/225011.020:ERROR:scoped_process_suspend.cc(40)] NtResumeProcess: 기존 프로세스에 액세스하려고 했습니다. (0xc000010a)
[1127/004657.151:ERROR:directory_reader_win.cc(43)] FindFirstFile: 지정된 경로를 찾을 수 없습니다. (0x3)
[1127/012552.857:ERROR:directory_reader_win.cc(43)] FindFirstFile: 지정된 경로를 찾을 수 없습니다. (0x3)
